-------------------------------------------------------------------------------
Test set: EstudanteTest
-------------------------------------------------------------------------------
Tests run: 5, Failures: 2, Errors: 0, Skipped: 0, Time elapsed: 0.04 s <<< FAILURE! - in EstudanteTest
DeveriaNaoCadastrarEstudanteSemListaDeCelular  Time elapsed: 0.025 s  <<< FAILURE!
org.opentest4j.AssertionFailedError: Unexpected exception type thrown, expected: <java.lang.IllegalArgumentException> but was: <java.lang.NullPointerException>
	at EstudanteTest.DeveriaNaoCadastrarEstudanteSemListaDeCelular(EstudanteTest.java:61)
Caused by: java.lang.NullPointerException: Cannot invoke "java.util.List.size()" because "celular" is null
	at EstudanteTest.lambda$DeveriaNaoCadastrarEstudanteSemListaDeCelular$4(EstudanteTest.java:62)
	at EstudanteTest.DeveriaNaoCadastrarEstudanteSemListaDeCelular(EstudanteTest.java:61)

DeveriaCadastrarEstudante  Time elapsed: 0.002 s  <<< FAILURE!
org.opentest4j.AssertionFailedError: Unexpected exception thrown: java.lang.IllegalArgumentException: Obrigatoriedade:todos os valores devem ser informados
	at EstudanteTest.DeveriaCadastrarEstudante(EstudanteTest.java:23)
Caused by: java.lang.IllegalArgumentException: Obrigatoriedade:todos os valores devem ser informados
	at EstudanteTest.lambda$DeveriaCadastrarEstudante$0(EstudanteTest.java:24)
	at EstudanteTest.DeveriaCadastrarEstudante(EstudanteTest.java:23)

