<?xml version="1.0" encoding="UTF-8"?>
<testsuite xmlns:xsi="http://www.w3.org/2001/XMLSchema-instance" xsi:noNamespaceSchemaLocation="https://maven.apache.org/surefire/maven-surefire-plugin/xsd/surefire-test-report.xsd" name="EstudanteTest" time="0.04" tests="5" errors="0" skipped="0" failures="2">
  <properties>
[...]
</properties>
  <testcase name="DeveriaNaoCadastrarEstudanteSemListaDeCelular" classname="EstudanteTest" time="0.025">
    <failure message="Unexpected exception type thrown, expected: &lt;java.lang.IllegalArgumentException&gt; but was: &lt;java.lang.NullPointerException&gt;" type="org.opentest4j.AssertionFailedError"><![CDATA[org.opentest4j.AssertionFailedError: Unexpected exception type thrown, expected: <java.lang.IllegalArgumentException> but was: <java.lang.NullPointerException>
	at EstudanteTest.DeveriaNaoCadastrarEstudanteSemListaDeCelular(EstudanteTest.java:61)
Caused by: java.lang.NullPointerException: Cannot invoke "java.util.List.size()" because "celular" is null
	at EstudanteTest.lambda$DeveriaNaoCadastrarEstudanteSemListaDeCelular$4(EstudanteTest.java:62)
	at EstudanteTest.DeveriaNaoCadastrarEstudanteSemListaDeCelular(EstudanteTest.java:61)
]]></failure>
    <system-out><![CDATA[Eduardo
704 sul
eduardo.vicente@estudante.ifto.edu.br
2022-07-22
]]></system-out>
  </testcase>
  <testcase name="DeveriaNaoCadastrarEstudanteSemData" classname="EstudanteTest" time="0.001"/>
  <testcase name="DeveriaNaoCadastrarEstudanteSemNome" classname="EstudanteTest" time="0.001"/>
  <testcase name="DeveriaCadastrarEstudante" classname="EstudanteTest" time="0.002">
    <failure message="Unexpected exception thrown: java.lang.IllegalArgumentException: Obrigatoriedade:todos os valores devem ser informados" type="org.opentest4j.AssertionFailedError">org.opentest4j.AssertionFailedError: Unexpected exception thrown: java.lang.IllegalArgumentException: Obrigatoriedade:todos os valores devem ser informados
	at EstudanteTest.DeveriaCadastrarEstudante(EstudanteTest.java:23)
Caused by: java.lang.IllegalArgumentException: Obrigatoriedade:todos os valores devem ser informados
	at EstudanteTest.lambda$DeveriaCadastrarEstudante$0(EstudanteTest.java:24)
	at EstudanteTest.DeveriaCadastrarEstudante(EstudanteTest.java:23)
</failure>
    <system-out><![CDATA[Eduardo
704 sul
eduardo.vicente@estudante.ifto.edu.br
2022-07-22
1
]]></system-out>
  </testcase>
  <testcase name="DeveriaNaoCadastrarEstudanteSemCelular" classname="EstudanteTest" time="0.001"/>
</testsuite>